c:\users\ahmad abdel-hafeez\desktop\assemblyproject\debug\project.exe
c:\users\ahmad abdel-hafeez\desktop\assemblyproject\debug\project.ilk
c:\users\ahmad abdel-hafeez\desktop\assemblyproject\debug\project.pdb
c:\users\ahmad abdel-hafeez\desktop\assemblyproject\debug\main.obj
c:\users\ahmad abdel-hafeez\desktop\assemblyproject\debug\project.tlog\link.13632.delete.1.tlog
c:\users\ahmad abdel-hafeez\desktop\assemblyproject\debug\project.tlog\link.14272.delete.1.tlog
c:\users\ahmad abdel-hafeez\desktop\assemblyproject\debug\project.tlog\link.15424.delete.1.tlog
c:\users\ahmad abdel-hafeez\desktop\assemblyproject\debug\project.tlog\link.15484.delete.1.tlog
c:\users\ahmad abdel-hafeez\desktop\assemblyproject\debug\project.tlog\link.15508.delete.1.tlog
c:\users\ahmad abdel-hafeez\desktop\assemblyproject\debug\project.tlog\link.15828.delete.1.tlog
c:\users\ahmad abdel-hafeez\desktop\assemblyproject\debug\project.tlog\link.15940.delete.1.tlog
c:\users\ahmad abdel-hafeez\desktop\assemblyproject\debug\project.tlog\link.16328.delete.1.tlog
c:\users\ahmad abdel-hafeez\desktop\assemblyproject\debug\project.tlog\link.16392.delete.1.tlog
c:\users\ahmad abdel-hafeez\desktop\assemblyproject\debug\project.tlog\link.16512.delete.1.tlog
c:\users\ahmad abdel-hafeez\desktop\assemblyproject\debug\project.tlog\link.16608.delete.1.tlog
c:\users\ahmad abdel-hafeez\desktop\assemblyproject\debug\project.tlog\link.16940.delete.1.tlog
c:\users\ahmad abdel-hafeez\desktop\assemblyproject\debug\project.tlog\link.17128.delete.1.tlog
c:\users\ahmad abdel-hafeez\desktop\assemblyproject\debug\project.tlog\link.17836.delete.1.tlog
c:\users\ahmad abdel-hafeez\desktop\assemblyproject\debug\project.tlog\link.1812.delete.1.tlog
c:\users\ahmad abdel-hafeez\desktop\assemblyproject\debug\project.tlog\link.18724.delete.1.tlog
c:\users\ahmad abdel-hafeez\desktop\assemblyproject\debug\project.tlog\link.18732.delete.1.tlog
c:\users\ahmad abdel-hafeez\desktop\assemblyproject\debug\project.tlog\link.19376.delete.1.tlog
c:\users\ahmad abdel-hafeez\desktop\assemblyproject\debug\project.tlog\link.19436.delete.1.tlog
c:\users\ahmad abdel-hafeez\desktop\assemblyproject\debug\project.tlog\link.19608.delete.1.tlog
c:\users\ahmad abdel-hafeez\desktop\assemblyproject\debug\project.tlog\link.19636.delete.1.tlog
c:\users\ahmad abdel-hafeez\desktop\assemblyproject\debug\project.tlog\link.19776.delete.1.tlog
c:\users\ahmad abdel-hafeez\desktop\assemblyproject\debug\project.tlog\link.19852.delete.1.tlog
c:\users\ahmad abdel-hafeez\desktop\assemblyproject\debug\project.tlog\link.19900.delete.1.tlog
c:\users\ahmad abdel-hafeez\desktop\assemblyproject\debug\project.tlog\link.20116.delete.1.tlog
c:\users\ahmad abdel-hafeez\desktop\assemblyproject\debug\project.tlog\link.20500.delete.1.tlog
c:\users\ahmad abdel-hafeez\desktop\assemblyproject\debug\project.tlog\link.20520.delete.1.tlog
c:\users\ahmad abdel-hafeez\desktop\assemblyproject\debug\project.tlog\link.20708.delete.1.tlog
c:\users\ahmad abdel-hafeez\desktop\assemblyproject\debug\project.tlog\link.20936.delete.1.tlog
c:\users\ahmad abdel-hafeez\desktop\assemblyproject\debug\project.tlog\link.21328.delete.1.tlog
c:\users\ahmad abdel-hafeez\desktop\assemblyproject\debug\project.tlog\link.21776.delete.1.tlog
c:\users\ahmad abdel-hafeez\desktop\assemblyproject\debug\project.tlog\link.21996.delete.1.tlog
c:\users\ahmad abdel-hafeez\desktop\assemblyproject\debug\project.tlog\link.22236.delete.1.tlog
c:\users\ahmad abdel-hafeez\desktop\assemblyproject\debug\project.tlog\link.22624.delete.1.tlog
c:\users\ahmad abdel-hafeez\desktop\assemblyproject\debug\project.tlog\link.22836.delete.1.tlog
c:\users\ahmad abdel-hafeez\desktop\assemblyproject\debug\project.tlog\link.22936.delete.1.tlog
c:\users\ahmad abdel-hafeez\desktop\assemblyproject\debug\project.tlog\link.23024.delete.1.tlog
c:\users\ahmad abdel-hafeez\desktop\assemblyproject\debug\project.tlog\link.23104.delete.1.tlog
c:\users\ahmad abdel-hafeez\desktop\assemblyproject\debug\project.tlog\link.23292.delete.1.tlog
c:\users\ahmad abdel-hafeez\desktop\assemblyproject\debug\project.tlog\link.23456.delete.1.tlog
c:\users\ahmad abdel-hafeez\desktop\assemblyproject\debug\project.tlog\link.23624.delete.1.tlog
c:\users\ahmad abdel-hafeez\desktop\assemblyproject\debug\project.tlog\link.23776.delete.1.tlog
c:\users\ahmad abdel-hafeez\desktop\assemblyproject\debug\project.tlog\link.24560.delete.1.tlog
c:\users\ahmad abdel-hafeez\desktop\assemblyproject\debug\project.tlog\link.24772.delete.1.tlog
c:\users\ahmad abdel-hafeez\desktop\assemblyproject\debug\project.tlog\link.25620.delete.1.tlog
c:\users\ahmad abdel-hafeez\desktop\assemblyproject\debug\project.tlog\link.25752.delete.1.tlog
c:\users\ahmad abdel-hafeez\desktop\assemblyproject\debug\project.tlog\link.25800.delete.1.tlog
c:\users\ahmad abdel-hafeez\desktop\assemblyproject\debug\project.tlog\link.25804.delete.1.tlog
c:\users\ahmad abdel-hafeez\desktop\assemblyproject\debug\project.tlog\link.26056.delete.1.tlog
c:\users\ahmad abdel-hafeez\desktop\assemblyproject\debug\project.tlog\link.26884.delete.1.tlog
c:\users\ahmad abdel-hafeez\desktop\assemblyproject\debug\project.tlog\link.26920.delete.1.tlog
c:\users\ahmad abdel-hafeez\desktop\assemblyproject\debug\project.tlog\link.27440.delete.1.tlog
c:\users\ahmad abdel-hafeez\desktop\assemblyproject\debug\project.tlog\link.27644.delete.1.tlog
c:\users\ahmad abdel-hafeez\desktop\assemblyproject\debug\project.tlog\link.27844.delete.1.tlog
c:\users\ahmad abdel-hafeez\desktop\assemblyproject\debug\project.tlog\link.27860.delete.1.tlog
c:\users\ahmad abdel-hafeez\desktop\assemblyproject\debug\project.tlog\link.28088.delete.1.tlog
c:\users\ahmad abdel-hafeez\desktop\assemblyproject\debug\project.tlog\link.28448.delete.1.tlog
c:\users\ahmad abdel-hafeez\desktop\assemblyproject\debug\project.tlog\link.28956.delete.1.tlog
c:\users\ahmad abdel-hafeez\desktop\assemblyproject\debug\project.tlog\link.29192.delete.1.tlog
c:\users\ahmad abdel-hafeez\desktop\assemblyproject\debug\project.tlog\link.29800.delete.1.tlog
c:\users\ahmad abdel-hafeez\desktop\assemblyproject\debug\project.tlog\link.30576.delete.1.tlog
c:\users\ahmad abdel-hafeez\desktop\assemblyproject\debug\project.tlog\link.30868.delete.1.tlog
c:\users\ahmad abdel-hafeez\desktop\assemblyproject\debug\project.tlog\link.30964.delete.1.tlog
c:\users\ahmad abdel-hafeez\desktop\assemblyproject\debug\project.tlog\link.31132.delete.1.tlog
c:\users\ahmad abdel-hafeez\desktop\assemblyproject\debug\project.tlog\link.31260.delete.1.tlog
c:\users\ahmad abdel-hafeez\desktop\assemblyproject\debug\project.tlog\link.31588.delete.1.tlog
c:\users\ahmad abdel-hafeez\desktop\assemblyproject\debug\project.tlog\link.31660.delete.1.tlog
c:\users\ahmad abdel-hafeez\desktop\assemblyproject\debug\project.tlog\link.31684.delete.1.tlog
c:\users\ahmad abdel-hafeez\desktop\assemblyproject\debug\project.tlog\link.31960.delete.1.tlog
c:\users\ahmad abdel-hafeez\desktop\assemblyproject\debug\project.tlog\link.32348.delete.1.tlog
c:\users\ahmad abdel-hafeez\desktop\assemblyproject\debug\project.tlog\link.32528.delete.1.tlog
c:\users\ahmad abdel-hafeez\desktop\assemblyproject\debug\project.tlog\link.5224.delete.1.tlog
c:\users\ahmad abdel-hafeez\desktop\assemblyproject\debug\project.tlog\link.5376.delete.1.tlog
c:\users\ahmad abdel-hafeez\desktop\assemblyproject\debug\project.tlog\link.6704.delete.1.tlog
c:\users\ahmad abdel-hafeez\desktop\assemblyproject\debug\project.tlog\link.6812.delete.1.tlog
c:\users\ahmad abdel-hafeez\desktop\assemblyproject\debug\project.tlog\link.7156.delete.1.tlog
c:\users\ahmad abdel-hafeez\desktop\assemblyproject\debug\project.tlog\link.7764.delete.1.tlog
c:\users\ahmad abdel-hafeez\desktop\assemblyproject\debug\project.tlog\link.8220.delete.1.tlog
c:\users\ahmad abdel-hafeez\desktop\assemblyproject\debug\project.tlog\link.8556.delete.1.tlog
c:\users\ahmad abdel-hafeez\desktop\assemblyproject\debug\project.tlog\link.command.1.tlog
c:\users\ahmad abdel-hafeez\desktop\assemblyproject\debug\project.tlog\link.read.1.tlog
c:\users\ahmad abdel-hafeez\desktop\assemblyproject\debug\project.tlog\link.write.1.tlog
c:\users\ahmad abdel-hafeez\desktop\assemblyproject\debug\project.tlog\masm.read.1u.tlog
c:\users\ahmad abdel-hafeez\desktop\assemblyproject\debug\project.tlog\masm.write.1u.tlog
c:\users\ahmad abdel-hafeez\desktop\assemblyproject\debug\project.tlog\project.write.1u.tlog
